<?xml version="1.0" encoding="UTF-8"?>
<testsuite xmlns:xsi="http://www.w3.org/2001/XMLSchema-instance" xsi:noNamespaceSchemaLocation="https://maven.apache.org/surefire/maven-surefire-plugin/xsd/surefire-test-report.xsd" name="com.example.AppTest" time="0.019" tests="1" errors="0" skipped="0" failures="0">
  <properties>
    <property name="sun.desktop" value="windows"/>
    <property name="awt.toolkit" value="sun.awt.windows.WToolkit"/>
    <property name="file.encoding.pkg" value="sun.io"/>
    <property name="java.specification.version" value="1.8"/>
    <property name="sun.cpu.isalist" value="amd64"/>
    <property name="sun.jnu.encoding" value="Cp1250"/>
    <property name="java.class.path" value="G:\prog\VoteSystemSpring\target\test-classes;G:\prog\VoteSystemSpring\target\classes;C:\Users\Daniel\.m2\repository\junit\junit\4.11\junit-4.11.jar;C:\Users\Daniel\.m2\repository\org\hamcrest\hamcrest-core\1.3\hamcrest-core-1.3.jar;C:\Users\Daniel\.m2\repository\org\projectlombok\lombok\1.18.0\lombok-1.18.0.jar;C:\Users\Daniel\.m2\repository\org\springframework\spring-webmvc\4.3.17.RELEASE\spring-webmvc-4.3.17.RELEASE.jar;C:\Users\Daniel\.m2\repository\org\springframework\spring-aop\4.3.17.RELEASE\spring-aop-4.3.17.RELEASE.jar;C:\Users\Daniel\.m2\repository\org\springframework\spring-beans\4.3.17.RELEASE\spring-beans-4.3.17.RELEASE.jar;C:\Users\Daniel\.m2\repository\org\springframework\spring-context\4.3.17.RELEASE\spring-context-4.3.17.RELEASE.jar;C:\Users\Daniel\.m2\repository\org\springframework\spring-core\4.3.17.RELEASE\spring-core-4.3.17.RELEASE.jar;C:\Users\Daniel\.m2\repository\commons-logging\commons-logging\1.2\commons-logging-1.2.jar;C:\Users\Daniel\.m2\repository\org\springframework\spring-expression\4.3.17.RELEASE\spring-expression-4.3.17.RELEASE.jar;C:\Users\Daniel\.m2\repository\org\springframework\spring-web\4.3.17.RELEASE\spring-web-4.3.17.RELEASE.jar;C:\Users\Daniel\.m2\repository\javax\servlet\javax.servlet-api\3.1.0\javax.servlet-api-3.1.0.jar;C:\Users\Daniel\.m2\repository\org\thymeleaf\thymeleaf\3.0.3.RELEASE\thymeleaf-3.0.3.RELEASE.jar;C:\Users\Daniel\.m2\repository\ognl\ognl\3.1.12\ognl-3.1.12.jar;C:\Users\Daniel\.m2\repository\org\attoparser\attoparser\2.0.2.RELEASE\attoparser-2.0.2.RELEASE.jar;C:\Users\Daniel\.m2\repository\org\unbescape\unbescape\1.1.4.RELEASE\unbescape-1.1.4.RELEASE.jar;C:\Users\Daniel\.m2\repository\org\slf4j\slf4j-api\1.6.6\slf4j-api-1.6.6.jar;C:\Users\Daniel\.m2\repository\org\thymeleaf\thymeleaf-spring4\3.0.3.RELEASE\thymeleaf-spring4-3.0.3.RELEASE.jar;C:\Users\Daniel\.m2\repository\org\thymeleaf\extras\thymeleaf-extras-java8time\3.0.0.RELEASE\thymeleaf-extras-java8time-3.0.0.RELEASE.jar;C:\Users\Daniel\.m2\repository\org\springframework\spring-tx\4.3.17.RELEASE\spring-tx-4.3.17.RELEASE.jar;C:\Users\Daniel\.m2\repository\org\springframework\spring-orm\4.3.17.RELEASE\spring-orm-4.3.17.RELEASE.jar;C:\Users\Daniel\.m2\repository\org\springframework\spring-jdbc\4.3.17.RELEASE\spring-jdbc-4.3.17.RELEASE.jar;C:\Users\Daniel\.m2\repository\org\hibernate\hibernate-core\5.3.2.Final\hibernate-core-5.3.2.Final.jar;C:\Users\Daniel\.m2\repository\org\jboss\logging\jboss-logging\3.3.2.Final\jboss-logging-3.3.2.Final.jar;C:\Users\Daniel\.m2\repository\javax\persistence\javax.persistence-api\2.2\javax.persistence-api-2.2.jar;C:\Users\Daniel\.m2\repository\org\javassist\javassist\3.22.0-GA\javassist-3.22.0-GA.jar;C:\Users\Daniel\.m2\repository\net\bytebuddy\byte-buddy\1.8.12\byte-buddy-1.8.12.jar;C:\Users\Daniel\.m2\repository\antlr\antlr\2.7.7\antlr-2.7.7.jar;C:\Users\Daniel\.m2\repository\org\jboss\spec\javax\transaction\jboss-transaction-api_1.2_spec\1.1.1.Final\jboss-transaction-api_1.2_spec-1.1.1.Final.jar;C:\Users\Daniel\.m2\repository\org\jboss\jandex\2.0.5.Final\jandex-2.0.5.Final.jar;C:\Users\Daniel\.m2\repository\com\fasterxml\classmate\1.3.4\classmate-1.3.4.jar;C:\Users\Daniel\.m2\repository\javax\activation\javax.activation-api\1.2.0\javax.activation-api-1.2.0.jar;C:\Users\Daniel\.m2\repository\dom4j\dom4j\1.6.1\dom4j-1.6.1.jar;C:\Users\Daniel\.m2\repository\org\hibernate\common\hibernate-commons-annotations\5.0.4.Final\hibernate-commons-annotations-5.0.4.Final.jar;C:\Users\Daniel\.m2\repository\org\hibernate\hibernate-entitymanager\5.3.2.Final\hibernate-entitymanager-5.3.2.Final.jar;C:\Users\Daniel\.m2\repository\mysql\mysql-connector-java\5.1.37\mysql-connector-java-5.1.37.jar;"/>
    <property name="java.vm.vendor" value="Oracle Corporation"/>
    <property name="sun.arch.data.model" value="64"/>
    <property name="user.variant" value=""/>
    <property name="java.vendor.url" value="http://java.oracle.com/"/>
    <property name="user.timezone" value=""/>
    <property name="java.vm.specification.version" value="1.8"/>
    <property name="os.name" value="Windows 10"/>
    <property name="user.country" value="PL"/>
    <property name="sun.java.launcher" value="SUN_STANDARD"/>
    <property name="sun.boot.library.path" value="C:\Program Files\Java\jdk1.8.0_181\jre\bin"/>
    <property name="sun.java.command" value="C:\Users\Daniel\AppData\Local\Temp\surefire4590190834776684415\surefirebooter8282409252905527693.jar C:\Users\Daniel\AppData\Local\Temp\surefire4590190834776684415 2018-07-28T18-56-18_499-jvmRun1 surefire200193725430490031tmp surefire_06030948222725683785tmp"/>
    <property name="surefire.test.class.path" value="G:\prog\VoteSystemSpring\target\test-classes;G:\prog\VoteSystemSpring\target\classes;C:\Users\Daniel\.m2\repository\junit\junit\4.11\junit-4.11.jar;C:\Users\Daniel\.m2\repository\org\hamcrest\hamcrest-core\1.3\hamcrest-core-1.3.jar;C:\Users\Daniel\.m2\repository\org\projectlombok\lombok\1.18.0\lombok-1.18.0.jar;C:\Users\Daniel\.m2\repository\org\springframework\spring-webmvc\4.3.17.RELEASE\spring-webmvc-4.3.17.RELEASE.jar;C:\Users\Daniel\.m2\repository\org\springframework\spring-aop\4.3.17.RELEASE\spring-aop-4.3.17.RELEASE.jar;C:\Users\Daniel\.m2\repository\org\springframework\spring-beans\4.3.17.RELEASE\spring-beans-4.3.17.RELEASE.jar;C:\Users\Daniel\.m2\repository\org\springframework\spring-context\4.3.17.RELEASE\spring-context-4.3.17.RELEASE.jar;C:\Users\Daniel\.m2\repository\org\springframework\spring-core\4.3.17.RELEASE\spring-core-4.3.17.RELEASE.jar;C:\Users\Daniel\.m2\repository\commons-logging\commons-logging\1.2\commons-logging-1.2.jar;C:\Users\Daniel\.m2\repository\org\springframework\spring-expression\4.3.17.RELEASE\spring-expression-4.3.17.RELEASE.jar;C:\Users\Daniel\.m2\repository\org\springframework\spring-web\4.3.17.RELEASE\spring-web-4.3.17.RELEASE.jar;C:\Users\Daniel\.m2\repository\javax\servlet\javax.servlet-api\3.1.0\javax.servlet-api-3.1.0.jar;C:\Users\Daniel\.m2\repository\org\thymeleaf\thymeleaf\3.0.3.RELEASE\thymeleaf-3.0.3.RELEASE.jar;C:\Users\Daniel\.m2\repository\ognl\ognl\3.1.12\ognl-3.1.12.jar;C:\Users\Daniel\.m2\repository\org\attoparser\attoparser\2.0.2.RELEASE\attoparser-2.0.2.RELEASE.jar;C:\Users\Daniel\.m2\repository\org\unbescape\unbescape\1.1.4.RELEASE\unbescape-1.1.4.RELEASE.jar;C:\Users\Daniel\.m2\repository\org\slf4j\slf4j-api\1.6.6\slf4j-api-1.6.6.jar;C:\Users\Daniel\.m2\repository\org\thymeleaf\thymeleaf-spring4\3.0.3.RELEASE\thymeleaf-spring4-3.0.3.RELEASE.jar;C:\Users\Daniel\.m2\repository\org\thymeleaf\extras\thymeleaf-extras-java8time\3.0.0.RELEASE\thymeleaf-extras-java8time-3.0.0.RELEASE.jar;C:\Users\Daniel\.m2\repository\org\springframework\spring-tx\4.3.17.RELEASE\spring-tx-4.3.17.RELEASE.jar;C:\Users\Daniel\.m2\repository\org\springframework\spring-orm\4.3.17.RELEASE\spring-orm-4.3.17.RELEASE.jar;C:\Users\Daniel\.m2\repository\org\springframework\spring-jdbc\4.3.17.RELEASE\spring-jdbc-4.3.17.RELEASE.jar;C:\Users\Daniel\.m2\repository\org\hibernate\hibernate-core\5.3.2.Final\hibernate-core-5.3.2.Final.jar;C:\Users\Daniel\.m2\repository\org\jboss\logging\jboss-logging\3.3.2.Final\jboss-logging-3.3.2.Final.jar;C:\Users\Daniel\.m2\repository\javax\persistence\javax.persistence-api\2.2\javax.persistence-api-2.2.jar;C:\Users\Daniel\.m2\repository\org\javassist\javassist\3.22.0-GA\javassist-3.22.0-GA.jar;C:\Users\Daniel\.m2\repository\net\bytebuddy\byte-buddy\1.8.12\byte-buddy-1.8.12.jar;C:\Users\Daniel\.m2\repository\antlr\antlr\2.7.7\antlr-2.7.7.jar;C:\Users\Daniel\.m2\repository\org\jboss\spec\javax\transaction\jboss-transaction-api_1.2_spec\1.1.1.Final\jboss-transaction-api_1.2_spec-1.1.1.Final.jar;C:\Users\Daniel\.m2\repository\org\jboss\jandex\2.0.5.Final\jandex-2.0.5.Final.jar;C:\Users\Daniel\.m2\repository\com\fasterxml\classmate\1.3.4\classmate-1.3.4.jar;C:\Users\Daniel\.m2\repository\javax\activation\javax.activation-api\1.2.0\javax.activation-api-1.2.0.jar;C:\Users\Daniel\.m2\repository\dom4j\dom4j\1.6.1\dom4j-1.6.1.jar;C:\Users\Daniel\.m2\repository\org\hibernate\common\hibernate-commons-annotations\5.0.4.Final\hibernate-commons-annotations-5.0.4.Final.jar;C:\Users\Daniel\.m2\repository\org\hibernate\hibernate-entitymanager\5.3.2.Final\hibernate-entitymanager-5.3.2.Final.jar;C:\Users\Daniel\.m2\repository\mysql\mysql-connector-java\5.1.37\mysql-connector-java-5.1.37.jar;"/>
    <property name="sun.cpu.endian" value="little"/>
    <property name="user.home" value="C:\Users\Daniel"/>
    <property name="user.language" value="pl"/>
    <property name="java.specification.vendor" value="Oracle Corporation"/>
    <property name="java.home" value="C:\Program Files\Java\jdk1.8.0_181\jre"/>
    <property name="basedir" value="G:\prog\VoteSystemSpring"/>
    <property name="file.separator" value="\"/>
    <property name="line.separator" value="&#10;"/>
    <property name="java.vm.specification.vendor" value="Oracle Corporation"/>
    <property name="java.specification.name" value="Java Platform API Specification"/>
    <property name="java.awt.graphicsenv" value="sun.awt.Win32GraphicsEnvironment"/>
    <property name="surefire.real.class.path" value="C:\Users\Daniel\AppData\Local\Temp\surefire4590190834776684415\surefirebooter8282409252905527693.jar"/>
    <property name="sun.boot.class.path" value="C:\Program Files\Java\jdk1.8.0_181\jre\lib\resources.jar;C:\Program Files\Java\jdk1.8.0_181\jre\lib\rt.jar;C:\Program Files\Java\jdk1.8.0_181\jre\lib\sunrsasign.jar;C:\Program Files\Java\jdk1.8.0_181\jre\lib\jsse.jar;C:\Program Files\Java\jdk1.8.0_181\jre\lib\jce.jar;C:\Program Files\Java\jdk1.8.0_181\jre\lib\charsets.jar;C:\Program Files\Java\jdk1.8.0_181\jre\lib\jfr.jar;C:\Program Files\Java\jdk1.8.0_181\jre\classes"/>
    <property name="user.script" value=""/>
    <property name="sun.management.compiler" value="HotSpot 64-Bit Tiered Compilers"/>
    <property name="java.runtime.version" value="1.8.0_181-b13"/>
    <property name="user.name" value="Daniel"/>
    <property name="path.separator" value=";"/>
    <property name="os.version" value="10.0"/>
    <property name="java.endorsed.dirs" value="C:\Program Files\Java\jdk1.8.0_181\jre\lib\endorsed"/>
    <property name="java.runtime.name" value="Java(TM) SE Runtime Environment"/>
    <property name="file.encoding" value="Cp1250"/>
    <property name="java.vm.name" value="Java HotSpot(TM) 64-Bit Server VM"/>
    <property name="localRepository" value="C:\Users\Daniel\.m2\repository"/>
    <property name="java.vendor.url.bug" value="http://bugreport.sun.com/bugreport/"/>
    <property name="java.io.tmpdir" value="C:\Users\Daniel\AppData\Local\Temp\"/>
    <property name="idea.version" value="2018.1.6"/>
    <property name="java.version" value="1.8.0_181"/>
    <property name="user.dir" value="G:\prog\VoteSystemSpring"/>
    <property name="os.arch" value="amd64"/>
    <property name="java.vm.specification.name" value="Java Virtual Machine Specification"/>
    <property name="java.awt.printerjob" value="sun.awt.windows.WPrinterJob"/>
    <property name="sun.os.patch.level" value=""/>
    <property name="java.library.path" value="C:\Program Files\Java\jdk1.8.0_181\jre\bin;C:\Windows\Sun\Java\bin;C:\Windows\system32;C:\Windows;C:\Program Files (x86)\Common Files\Oracle\Java\javapath;C:\Windows\system32;C:\Windows;C:\Windows\System32\Wbem;C:\Windows\System32\WindowsPowerShell\v1.0\;C:\Windows\System32\OpenSSH\;C:\Program Files (x86)\NVIDIA Corporation\PhysX\Common;F:\Microsoft VS Code\bin;F:\Git\cmd;C:\Program Files\dotnet\;C:\Program Files\MySQL\MySQL Utilities 1.6\;F:\nodejs\;C:\Program Files\PuTTY\;C:\Users\Daniel\AppData\Local\Microsoft\WindowsApps;C:\Users\Daniel\.dotnet\tools;C:\Users\Daniel\AppData\Roaming\npm;."/>
    <property name="java.vm.info" value="mixed mode"/>
    <property name="java.vendor" value="Oracle Corporation"/>
    <property name="java.vm.version" value="25.181-b13"/>
    <property name="java.ext.dirs" value="C:\Program Files\Java\jdk1.8.0_181\jre\lib\ext;C:\Windows\Sun\Java\lib\ext"/>
    <property name="sun.io.unicode.encoding" value="UnicodeLittle"/>
    <property name="java.class.version" value="52.0"/>
  </properties>
  <testcase name="shouldAnswerWithTrue" classname="com.example.AppTest" time="0.001"/>
</testsuite>